<?xml version="1.0" encoding="UTF-8"?>
<!-- Generated by org.testng.reporters.JUnitReportReporter -->
<testsuite skipped="0" hostname="DESKTOP-87H0121" name="org.workout3.TestNGDataProvider2" tests="3" failures="0" timestamp="27 Apr 2022 06:34:56 GMT" time="14.217" errors="0">
  <testcase name="test01" time="4.006" classname="org.workout3.TestNGDataProvider2"/>
  <testcase name="test01" time="3.573" classname="org.workout3.TestNGDataProvider2"/>
  <testcase name="test01" time="6.638" classname="org.workout3.TestNGDataProvider2"/>
</testsuite> <!-- org.workout3.TestNGDataProvider2 -->
