<?xml version="1.0" encoding="UTF-8"?>
<!-- Generated by org.testng.reporters.JUnitReportReporter -->
<testsuite skipped="0" hostname="DESKTOP-87H0121" name="org.workout3.TestNGParellelExecutionMethod" tests="7" failures="0" timestamp="25 Apr 2022 12:17:43 GMT" time="0.512" errors="0">
  <testcase name="test01" time="0.080" classname="org.workout3.TestNGParellelExecutionMethod"/>
  <testcase name="test03" time="0.080" classname="org.workout3.TestNGParellelExecutionMethod"/>
  <testcase name="test05" time="0.080" classname="org.workout3.TestNGParellelExecutionMethod"/>
  <testcase name="test02" time="0.080" classname="org.workout3.TestNGParellelExecutionMethod"/>
  <testcase name="test06" time="0.080" classname="org.workout3.TestNGParellelExecutionMethod"/>
  <testcase name="test07" time="0.032" classname="org.workout3.TestNGParellelExecutionMethod"/>
  <testcase name="test04" time="0.080" classname="org.workout3.TestNGParellelExecutionMethod"/>
</testsuite> <!-- org.workout3.TestNGParellelExecutionMethod -->
