<?xml version="1.0" encoding="UTF-8"?>
<!-- Generated by org.testng.reporters.JUnitReportReporter -->
<testsuite skipped="0" hostname="DESKTOP-87H0121" name="org.workout3.TestNG" tests="1" failures="0" timestamp="23 Apr 2022 06:29:40 GMT" time="0.000" errors="0">
  <testcase name="Test" time="0.000" classname="org.workout3.TestNG"/>
</testsuite> <!-- org.workout3.TestNG -->
