<?xml version="1.0" encoding="UTF-8"?>
<!-- Generated by org.testng.reporters.JUnitReportReporter -->
<testsuite skipped="0" hostname="DESKTOP-87H0121" name="org.frameworkwebsitetasks.TestNGQue6" tests="3" failures="0" timestamp="02 May 2022 16:18:43 GMT" time="65.791" errors="0">
  <testcase name="test01" time="21.548" classname="org.frameworkwebsitetasks.TestNGQue6"/>
  <testcase name="test01" time="21.657" classname="org.frameworkwebsitetasks.TestNGQue6"/>
  <testcase name="test01" time="22.586" classname="org.frameworkwebsitetasks.TestNGQue6"/>
</testsuite> <!-- org.frameworkwebsitetasks.TestNGQue6 -->
