<?xml version="1.0" encoding="UTF-8"?>
<!-- Generated by org.testng.reporters.JUnitReportReporter -->
<testsuite skipped="0" hostname="DESKTOP-87H0121" name="org.group1.B" tests="2" failures="0" timestamp="30 Apr 2022 03:28:16 GMT" time="0.008" errors="0">
  <testcase name="test11" time="0.006" classname="org.group1.B"/>
  <testcase name="test12" time="0.002" classname="org.group1.B"/>
</testsuite> <!-- org.group1.B -->
