<?xml version="1.0" encoding="UTF-8"?>
<!-- Generated by org.testng.reporters.JUnitReportReporter -->
<testsuite skipped="0" hostname="DESKTOP-87H0121" name="org.workout3.TestNGParameters" tests="1" failures="0" timestamp="24 Apr 2022 07:27:27 GMT" time="7.691" errors="0">
  <testcase name="test1" time="7.691" classname="org.workout3.TestNGParameters"/>
</testsuite> <!-- org.workout3.TestNGParameters -->
