<?xml version="1.0" encoding="UTF-8"?>
<!-- Generated by org.testng.reporters.JUnitReportReporter -->
<testsuite skipped="0" hostname="DESKTOP-87H0121" name="org.workout3.TestNGSoftAssert" tests="1" failures="0" timestamp="23 Apr 2022 07:56:02 GMT" time="5.930" errors="0">
  <testcase name="test1" time="5.930" classname="org.workout3.TestNGSoftAssert"/>
</testsuite> <!-- org.workout3.TestNGSoftAssert -->
