<?xml version="1.0" encoding="UTF-8"?>
<!-- Generated by org.testng.reporters.JUnitReportReporter -->
<testsuite skipped="0" hostname="DESKTOP-87H0121" name="org.group2.F" tests="3" failures="0" timestamp="29 Apr 2022 12:22:07 GMT" time="0.000" errors="0">
  <testcase name="test52" time="0.000" classname="org.group2.F"/>
  <testcase name="test51" time="0.000" classname="org.group2.F"/>
  <testcase name="test53" time="0.000" classname="org.group2.F"/>
</testsuite> <!-- org.group2.F -->
