<?xml version="1.0" encoding="UTF-8"?>
<!-- Generated by org.testng.reporters.JUnitReportReporter -->
<testsuite skipped="0" hostname="DESKTOP-87H0121" name="org.workout3.A4TestNG" tests="3" failures="0" timestamp="23 Apr 2022 07:13:48 GMT" time="0.019" errors="0">
  <testcase name="test12" time="0.003" classname="org.workout3.A4TestNG"/>
  <testcase name="test11" time="0.013" classname="org.workout3.A4TestNG"/>
  <testcase name="test13" time="0.003" classname="org.workout3.A4TestNG"/>
</testsuite> <!-- org.workout3.A4TestNG -->
