<?xml version="1.0" encoding="UTF-8"?>
<!-- Generated by org.testng.reporters.JUnitReportReporter -->
<testsuite skipped="0" hostname="DESKTOP-87H0121" name="org.workout3.TestNGpriority" tests="1" failures="0" timestamp="29 Apr 2022 13:01:09 GMT" time="0.022" errors="0">
  <testcase name="Test4" time="0.022" classname="org.workout3.TestNGpriority"/>
</testsuite> <!-- org.workout3.TestNGpriority -->
