<?xml version="1.0" encoding="UTF-8"?>
<!-- Generated by org.testng.reporters.JUnitReportReporter -->
<testsuite skipped="0" hostname="DESKTOP-87H0121" name="org.workout2.Group1" tests="3" failures="0" timestamp="29 Apr 2022 12:08:31 GMT" time="0.019" errors="0">
  <testcase name="test02" time="0.015" classname="org.workout2.Group1"/>
  <testcase name="test03" time="0.002" classname="org.workout2.Group1"/>
  <testcase name="test01" time="0.002" classname="org.workout2.Group1"/>
</testsuite> <!-- org.workout2.Group1 -->
