<?xml version="1.0" encoding="UTF-8"?>
<!-- Generated by org.testng.reporters.JUnitReportReporter -->
<testsuite skipped="0" hostname="DESKTOP-87H0121" name="org.frameworkwebsitetasks.TestNGQue8" tests="1" failures="0" timestamp="03 May 2022 08:55:14 GMT" time="6.885" errors="0">
  <testcase name="test01" time="6.885" classname="org.frameworkwebsitetasks.TestNGQue8"/>
</testsuite> <!-- org.frameworkwebsitetasks.TestNGQue8 -->
