<?xml version="1.0" encoding="UTF-8"?>
<!-- Generated by org.testng.reporters.JUnitReportReporter -->
<testsuite skipped="1" hostname="DESKTOP-87H0121" name="org.workout3.TestNGSkipped" tests="2" failures="0" timestamp="29 Apr 2022 13:01:09 GMT" time="0.016" errors="0">
  <testcase name="Test4" time="0.016" classname="org.workout3.TestNGSkipped"/>
  <testcase name="Test2" classname="org.workout3.TestNGSkipped">
    <skipped/>
  </testcase> <!-- Test2 -->
</testsuite> <!-- org.workout3.TestNGSkipped -->
