<?xml version="1.0" encoding="UTF-8"?>
<!-- Generated by org.testng.reporters.JUnitReportReporter -->
<testsuite skipped="0" hostname="DESKTOP-87H0121" name="org.workout3.A3TestNG" tests="3" failures="0" timestamp="23 Apr 2022 07:13:48 GMT" time="0.018" errors="0">
  <testcase name="test02" time="0.004" classname="org.workout3.A3TestNG"/>
  <testcase name="test01" time="0.010" classname="org.workout3.A3TestNG"/>
  <testcase name="test03" time="0.004" classname="org.workout3.A3TestNG"/>
</testsuite> <!-- org.workout3.A3TestNG -->
