<?xml version="1.0" encoding="UTF-8"?>
<!-- Generated by org.testng.reporters.JUnitReportReporter -->
<testsuite skipped="0" hostname="DESKTOP-87H0121" name="org.frameworkwebsitetasks.TestNGQue4" tests="1" failures="0" timestamp="03 May 2022 06:34:18 GMT" time="2.368" errors="0">
  <testcase name="Test" time="2.368" classname="org.frameworkwebsitetasks.TestNGQue4"/>
</testsuite> <!-- org.frameworkwebsitetasks.TestNGQue4 -->
