<?xml version="1.0" encoding="UTF-8"?>
<!-- Generated by org.testng.reporters.JUnitReportReporter -->
<testsuite skipped="0" hostname="DESKTOP-87H0121" name="org.workout3.TestNGparallelClassA" tests="21" failures="0" timestamp="25 Apr 2022 12:53:48 GMT" time="0.421" errors="0">
  <testcase name="test02" time="0.097" classname="org.workout3.TestNGparallelClassA"/>
  <testcase name="test01" time="0.029" classname="org.workout3.TestNGparallelClassA"/>
  <testcase name="test03" time="0.001" classname="org.workout3.TestNGparallelClassA"/>
  <testcase name="test03" time="0.002" classname="org.workout3.TestNGparallelClassA"/>
  <testcase name="test03" time="0.011" classname="org.workout3.TestNGparallelClassA"/>
  <testcase name="test01" time="0.030" classname="org.workout3.TestNGparallelClassA"/>
  <testcase name="test01" time="0.029" classname="org.workout3.TestNGparallelClassA"/>
  <testcase name="test01" time="0.031" classname="org.workout3.TestNGparallelClassA"/>
  <testcase name="test03" time="0.001" classname="org.workout3.TestNGparallelClassA"/>
  <testcase name="test02" time="0.002" classname="org.workout3.TestNGparallelClassA"/>
  <testcase name="test03" time="0.052" classname="org.workout3.TestNGparallelClassA"/>
  <testcase name="test01" time="0.030" classname="org.workout3.TestNGparallelClassA"/>
  <testcase name="test03" time="0.003" classname="org.workout3.TestNGparallelClassA"/>
  <testcase name="test02" time="0.004" classname="org.workout3.TestNGparallelClassA"/>
  <testcase name="test02" time="0.026" classname="org.workout3.TestNGparallelClassA"/>
  <testcase name="test01" time="0.029" classname="org.workout3.TestNGparallelClassA"/>
  <testcase name="test03" time="0.004" classname="org.workout3.TestNGparallelClassA"/>
  <testcase name="test02" time="0.004" classname="org.workout3.TestNGparallelClassA"/>
  <testcase name="test01" time="0.030" classname="org.workout3.TestNGparallelClassA"/>
  <testcase name="test02" time="0.003" classname="org.workout3.TestNGparallelClassA"/>
  <testcase name="test02" time="0.003" classname="org.workout3.TestNGparallelClassA"/>
</testsuite> <!-- org.workout3.TestNGparallelClassA -->
