<?xml version="1.0" encoding="UTF-8"?>
<!-- Generated by org.testng.reporters.JUnitReportReporter -->
<testsuite skipped="0" hostname="DESKTOP-87H0121" name="org.workout3.Group2" tests="3" failures="0" timestamp="29 Apr 2022 12:08:31 GMT" time="0.010" errors="0">
  <testcase name="test12" time="0.001" classname="org.workout3.Group2"/>
  <testcase name="test13" time="0.001" classname="org.workout3.Group2"/>
  <testcase name="test11" time="0.008" classname="org.workout3.Group2"/>
</testsuite> <!-- org.workout3.Group2 -->
