<?xml version="1.0" encoding="UTF-8"?>
<!-- Generated by org.testng.reporters.JUnitReportReporter -->
<testsuite skipped="0" hostname="DESKTOP-87H0121" name="org.workout3.TestNGparallelClassC" tests="3" failures="0" timestamp="25 Apr 2022 12:38:16 GMT" time="0.069" errors="0">
  <testcase name="test22" time="0.043" classname="org.workout3.TestNGparallelClassC"/>
  <testcase name="test21" time="0.021" classname="org.workout3.TestNGparallelClassC"/>
  <testcase name="test23" time="0.005" classname="org.workout3.TestNGparallelClassC"/>
</testsuite> <!-- org.workout3.TestNGparallelClassC -->
