<?xml version="1.0" encoding="UTF-8"?>
<!-- Generated by org.testng.reporters.JUnitReportReporter -->
<testsuite skipped="0" hostname="DESKTOP-87H0121" name="org.workout3.TestNGparallelClassB" tests="3" failures="0" timestamp="25 Apr 2022 12:38:16 GMT" time="0.037" errors="0">
  <testcase name="test12" time="0.010" classname="org.workout3.TestNGparallelClassB"/>
  <testcase name="test13" time="0.006" classname="org.workout3.TestNGparallelClassB"/>
  <testcase name="test11" time="0.021" classname="org.workout3.TestNGparallelClassB"/>
</testsuite> <!-- org.workout3.TestNGparallelClassB -->
