<?xml version="1.0" encoding="UTF-8"?>
<!-- Generated by org.testng.reporters.JUnitReportReporter -->
<testsuite skipped="0" hostname="DESKTOP-87H0121" name="org.workout3.TestNGInvocationCount" tests="7" failures="0" timestamp="23 Apr 2022 07:00:50 GMT" time="0.030" errors="0">
  <testcase name="test02" time="0.002" classname="org.workout3.TestNGInvocationCount"/>
  <testcase name="test02" time="0.001" classname="org.workout3.TestNGInvocationCount"/>
  <testcase name="test02" time="0.002" classname="org.workout3.TestNGInvocationCount"/>
  <testcase name="test01" time="0.015" classname="org.workout3.TestNGInvocationCount"/>
  <testcase name="test03" time="0.002" classname="org.workout3.TestNGInvocationCount"/>
  <testcase name="test02" time="0.002" classname="org.workout3.TestNGInvocationCount"/>
  <testcase name="test02" time="0.006" classname="org.workout3.TestNGInvocationCount"/>
</testsuite> <!-- org.workout3.TestNGInvocationCount -->
