<?xml version="1.0" encoding="UTF-8"?>
<!-- Generated by org.testng.reporters.JUnitReportReporter -->
<testsuite skipped="0" hostname="DESKTOP-87H0121" name="org.workout3.Group3" tests="3" failures="0" timestamp="29 Apr 2022 12:08:31 GMT" time="0.027" errors="0">
  <testcase name="test22" time="0.007" classname="org.workout3.Group3"/>
  <testcase name="test23" time="0.006" classname="org.workout3.Group3"/>
  <testcase name="test21" time="0.014" classname="org.workout3.Group3"/>
</testsuite> <!-- org.workout3.Group3 -->
