<?xml version="1.0" encoding="UTF-8"?>
<!-- Generated by org.testng.reporters.JUnitReportReporter -->
<testsuite skipped="0" hostname="DESKTOP-87H0121" name="org.workout3.TestNGCrossBrowserTesting2" tests="3" failures="0" timestamp="02 May 2022 13:44:11 GMT" time="16.544" errors="0">
  <testcase name="test01" time="5.317" classname="org.workout3.TestNGCrossBrowserTesting2"/>
  <testcase name="test01" time="3.779" classname="org.workout3.TestNGCrossBrowserTesting2"/>
  <testcase name="test01" time="7.448" classname="org.workout3.TestNGCrossBrowserTesting2"/>
</testsuite> <!-- org.workout3.TestNGCrossBrowserTesting2 -->
