<?xml version="1.0" encoding="UTF-8"?>
<!-- Generated by org.testng.reporters.JUnitReportReporter -->
<testsuite skipped="0" hostname="DESKTOP-87H0121" name="org.group2.D" tests="2" failures="0" timestamp="30 Apr 2022 03:28:16 GMT" time="0.002" errors="0">
  <testcase name="test33" time="0.001" classname="org.group2.D"/>
  <testcase name="test34" time="0.001" classname="org.group2.D"/>
</testsuite> <!-- org.group2.D -->
