<?xml version="1.0" encoding="UTF-8"?>
<!-- Generated by org.testng.reporters.JUnitReportReporter -->
<testsuite skipped="0" hostname="DESKTOP-87H0121" name="org.workout3.TestNGDataProvider" tests="3" failures="0" timestamp="27 Apr 2022 05:56:02 GMT" time="0.038" errors="0">
  <testcase name="test01" time="0.000" classname="org.workout3.TestNGDataProvider"/>
  <testcase name="test01" time="0.007" classname="org.workout3.TestNGDataProvider"/>
  <testcase name="test01" time="0.031" classname="org.workout3.TestNGDataProvider"/>
</testsuite> <!-- org.workout3.TestNGDataProvider -->
