<?xml version="1.0" encoding="UTF-8"?>
<!-- Generated by org.testng.reporters.JUnitReportReporter -->
<testsuite skipped="0" hostname="DESKTOP-87H0121" name="org.frameworkwebsitetasks.TestNGQue7" tests="3" failures="0" timestamp="18 May 2022 07:04:13 GMT" time="50.569" errors="0">
  <testcase name="test01" time="20.130" classname="org.frameworkwebsitetasks.TestNGQue7"/>
  <testcase name="test01" time="15.121" classname="org.frameworkwebsitetasks.TestNGQue7"/>
  <testcase name="test01" time="15.318" classname="org.frameworkwebsitetasks.TestNGQue7"/>
</testsuite> <!-- org.frameworkwebsitetasks.TestNGQue7 -->
