<?xml version="1.0" encoding="UTF-8"?>
<!-- Generated by org.testng.reporters.JUnitReportReporter -->
<testsuite skipped="0" hostname="DESKTOP-87H0121" name="org.workout3.TestNGDataProvider3" tests="3" failures="0" timestamp="27 Apr 2022 06:44:31 GMT" time="14.106" errors="0">
  <testcase name="test01" time="6.823" classname="org.workout3.TestNGDataProvider3"/>
  <testcase name="test01" time="3.736" classname="org.workout3.TestNGDataProvider3"/>
  <testcase name="test01" time="3.547" classname="org.workout3.TestNGDataProvider3"/>
</testsuite> <!-- org.workout3.TestNGDataProvider3 -->
