<?xml version="1.0" encoding="UTF-8"?>
<!-- Generated by org.testng.reporters.JUnitReportReporter -->
<testsuite skipped="0" hostname="DESKTOP-87H0121" name="org.frameworkwebsitetasks.TestNGQue2" tests="1" failures="0" timestamp="02 May 2022 15:49:08 GMT" time="9.997" errors="0">
  <testcase name="Test" time="9.997" classname="org.frameworkwebsitetasks.TestNGQue2"/>
</testsuite> <!-- org.frameworkwebsitetasks.TestNGQue2 -->
