<?xml version="1.0" encoding="UTF-8"?>
<!-- Generated by org.testng.reporters.JUnitReportReporter -->
<testsuite skipped="0" hostname="DESKTOP-87H0121" name="org.frameworkwebsitetasks.TestNGQue1" tests="1" failures="0" timestamp="03 May 2022 03:34:34 GMT" time="2.446" errors="0">
  <testcase name="Test" time="2.446" classname="org.frameworkwebsitetasks.TestNGQue1"/>
</testsuite> <!-- org.frameworkwebsitetasks.TestNGQue1 -->
